 ################################################################### 
 # WARNING: this module is deprecated.                             # 
 # Please use CondCore.CondDB.CondDB_cfi.py                        # 
 ################################################################### 
L1TRawToDigi Sequence configured for Stage-2 (2016) trigger. 
# Conditions read from  CMS_CONDITIONS  via FrontierProd 
DEBUG 2016-08-07 17:46:12,968: 	 Executing command: 'submit'
DEBUG 2016-08-07 17:46:12,968: 	 Found CRAB cache file /afs/cern.ch/user/l/lkang/.crab3
DEBUG 2016-08-07 17:46:12,975: 	 Checking credentials
DEBUG 2016-08-07 17:46:12,975: 	 Found proxy file /tmp/x509up_u93955
DEBUG 2016-08-07 17:46:12,975: 	 Getting proxy life time left
DEBUG 2016-08-07 17:46:13,584: 	 Executing : 
 command : voms-proxy-info -file /tmp/x509up_u93955 -timeleft
 output : 85902

 error: 
 retcode : 0
DEBUG 2016-08-07 17:46:14,190: 	 Executing : 
 command : voms-proxy-info -file /tmp/x509up_u93955 -actimeleft
 output : 85901

 error: 
 retcode : 0
DEBUG 2016-08-07 17:46:14,190: 	 Proxy valid for 23:51:42 hours
INFO 2016-08-07 17:46:14,190: 	 Will use CRAB configuration file crab_L1Tuple.py
DEBUG 2016-08-07 17:46:14,191: 	 Loading CRAB configuration file.
DEBUG 2016-08-07 17:46:14,192: 	 Will use CRAB Analysis plugin (i.e. will run an analysis job type).
DEBUG 2016-08-07 17:46:14,323: 	 Executing : 
 command : openssl x509 -in ~/.globus/usercert.pem -subject -noout
 output : subject= /DC=ch/DC=cern/OU=Organic Units/OU=Users/CN=lkang/CN=803706/CN=Lucas Kang

 error: 
 retcode : 0
DEBUG 2016-08-07 17:46:14,323: 	 Checking credentials
DEBUG 2016-08-07 17:46:14,323: 	 Found proxy file /tmp/x509up_u93955
DEBUG 2016-08-07 17:46:14,323: 	 Getting proxy life time left
DEBUG 2016-08-07 17:46:14,927: 	 Executing : 
 command : voms-proxy-info -file /tmp/x509up_u93955 -timeleft
 output : 85901

 error: 
 retcode : 0
DEBUG 2016-08-07 17:46:15,432: 	 Executing : 
 command : voms-proxy-info -file /tmp/x509up_u93955 -actimeleft
 output : 85900

 error: 
 retcode : 0
DEBUG 2016-08-07 17:46:15,432: 	 Proxy valid for 23:51:41 hours
DEBUG 2016-08-07 17:46:15,936: 	 Executing : 
 command : env X509_USER_PROXY=/tmp/x509up_u93955 voms-proxy-info -fqan
 output : /cms/Role=NULL/Capability=NULL
/cms/uscms/Role=NULL/Capability=NULL

 error: 
 retcode : 0
DEBUG 2016-08-07 17:46:16,327: 	 Registering user credentials for server /DC=ch/DC=cern/OU=computers/CN=vocms(045|052|021|031|0118|0118a|0119|0108).cern.ch
DEBUG 2016-08-07 17:46:16,443: 	 Executing : 
 command : openssl x509 -in ~/.globus/usercert.pem -subject -noout
 output : subject= /DC=ch/DC=cern/OU=Organic Units/OU=Users/CN=lkang/CN=803706/CN=Lucas Kang

 error: 
 retcode : 0
DEBUG 2016-08-07 17:46:16,443: 	 Getting myproxy life time left for myproxy.cern.ch
DEBUG 2016-08-07 17:46:16,443: 	 Calculating hash of /DC=ch/DC=cern/OU=Organic Units/OU=Users/CN=lkang/CN=803706/CN=Lucas Kang_cmsweb.cern.ch for credential name
DEBUG 2016-08-07 17:46:16,950: 	 Executing : 
 command : myproxy-info -l c2aa2a38b4149a1958689f9c94f94596a2d3dfba -s myproxy.cern.ch
 output : username: c2aa2a38b4149a1958689f9c94f94596a2d3dfba
owner: /DC=ch/DC=cern/OU=Organic Units/OU=Users/CN=lkang/CN=803706/CN=Lucas Kang
  renewal policy: /DC=ch/DC=cern/OU=computers/CN=vocms(045|052|021|031|0118|0118a|0119|0108).cern.ch
  trusted retrieval policy: /DC=ch/DC=cern/OU=computers/CN=vocms(045|052|021|031|0118|0118a|0119|0108).cern.ch
  timeleft: 668:48:31  (27.9 days)

 error: 
 retcode : 0
DEBUG 2016-08-07 17:46:16,951: 	 Myproxy is valid: 2407711
DEBUG 2016-08-07 17:46:16,951: 	 Command use: submit
DEBUG 2016-08-07 17:46:16,951: 	 Options use: ['crab_L1Tuple.py']
DEBUG 2016-08-07 17:46:17,276: 	 CRABClient version: 3.3.1607.patch2
DEBUG 2016-08-07 17:46:17,276: 	 Instance is prod
DEBUG 2016-08-07 17:46:17,276: 	 Server base url is cmsweb.cern.ch
DEBUG 2016-08-07 17:46:17,276: 	 Command url /crabserver/prod/workflow
DEBUG 2016-08-07 17:46:17,276: 	 Started submission
DEBUG 2016-08-07 17:46:17,276: 	 Working on /afs/cern.ch/user/l/lkang/work/pretrigger/CMSSW_8_0_11/src/out_crab/crab_JetHT__Run2016B-v1__RAW_272774
DEBUG 2016-08-07 17:46:17,671: 	 Loading required information from the environment
DEBUG 2016-08-07 17:46:17,671: 	 Found CMSSW_8_0_11 for slc6_amd64_gcc530 with base /afs/cern.ch/user/l/lkang/work/pretrigger/CMSSW_8_0_11
DEBUG 2016-08-07 17:46:17,685: 	 UNIQUE NAME: tarUUID 0c5a7a39-8a80-4f9a-8391-02d7a569bc03 
DEBUG 2016-08-07 17:46:17,685: 	 self.config: from WMCore.Configuration import Configuration
config = Configuration()
config.section_('General')
config.General.workArea = 'out_crab'
config.General.requestName = 'JetHT__Run2016B-v1__RAW_272774'
config.section_('JobType')
config.JobType.psetName = 'makeL1Ntuple_cfg.py'
config.JobType.pluginName = 'Analysis'
config.section_('Data')
config.Data.inputDataset = '/JetHT/Run2016B-v1/RAW'
config.Data.publishDBS = 'phys03'
config.Data.publication = True
config.Data.unitsPerJob = 30
config.Data.inputDBS = 'global'
config.Data.splitting = 'LumiBased'
config.Data.runRange = '272774'
config.section_('Site')
config.Site.storageSite = 'T3_US_FNALLPC'

DEBUG 2016-08-07 17:46:17,685: 	 self.config.JobType.psetName: makeL1Ntuple_cfg.py
INFO 2016-08-07 17:46:17,685: 	 Importing CMSSW configuration makeL1Ntuple_cfg.py
INFO 2016-08-07 17:46:23,311: 	 Finished importing CMSSW configuration makeL1Ntuple_cfg.py
DEBUG 2016-08-07 17:46:23,311: 	 Writing CMSSW configuration to /afs/cern.ch/user/l/lkang/work/pretrigger/CMSSW_8_0_11/src/out_crab/crab_JetHT__Run2016B-v1__RAW_272774/inputs/PSet.py
DEBUG 2016-08-07 17:46:26,633: 	 The following EDM output files will be collected: []
DEBUG 2016-08-07 17:46:26,633: 	 The following TFile output files will be collected: ['L1Ntuple.root']
DEBUG 2016-08-07 17:46:26,633: 	 The following user output files will be collected: []
DEBUG 2016-08-07 17:46:26,633: 	 Loading required information from the environment
DEBUG 2016-08-07 17:46:26,633: 	 Found CMSSW_8_0_11 for slc6_amd64_gcc530 with base /afs/cern.ch/user/l/lkang/work/pretrigger/CMSSW_8_0_11
DEBUG 2016-08-07 17:46:26,633: 	 Making tarball in /afs/cern.ch/user/l/lkang/work/pretrigger/CMSSW_8_0_11/src/out_crab/crab_JetHT__Run2016B-v1__RAW_272774/inputs/0c5a7a39-8a80-4f9a-8391-02d7a569bc03default.tgz
DEBUG 2016-08-07 17:46:26,679: 	 Checking directory /afs/cern.ch/user/l/lkang/work/pretrigger/CMSSW_8_0_11/lib
DEBUG 2016-08-07 17:46:26,680: 	 Adding directory /afs/cern.ch/user/l/lkang/work/pretrigger/CMSSW_8_0_11/lib to tarball
DEBUG 2016-08-07 17:46:26,684: 	 Checking directory /afs/cern.ch/user/l/lkang/work/pretrigger/CMSSW_8_0_11/biglib
DEBUG 2016-08-07 17:46:26,684: 	 Adding directory /afs/cern.ch/user/l/lkang/work/pretrigger/CMSSW_8_0_11/biglib to tarball
DEBUG 2016-08-07 17:46:26,685: 	 Checking directory /afs/cern.ch/user/l/lkang/work/pretrigger/CMSSW_8_0_11/module
DEBUG 2016-08-07 17:46:27,313: 	 Uploading archive /afs/cern.ch/user/l/lkang/work/pretrigger/CMSSW_8_0_11/src/out_crab/crab_JetHT__Run2016B-v1__RAW_272774/inputs/0c5a7a39-8a80-4f9a-8391-02d7a569bc03default.tgz to the CRAB cache. Using URI https://cmsweb.cern.ch/crabcache
DEBUG 2016-08-07 17:46:28,084: 	 Loading required information from the environment
DEBUG 2016-08-07 17:46:28,084: 	 Found CMSSW_8_0_11 for slc6_amd64_gcc530 with base /afs/cern.ch/user/l/lkang/work/pretrigger/CMSSW_8_0_11
DEBUG 2016-08-07 17:46:28,084: 	 Making tarball in /afs/cern.ch/user/l/lkang/work/pretrigger/CMSSW_8_0_11/src/out_crab/crab_JetHT__Run2016B-v1__RAW_272774/inputs/debugFiles.tgz
DEBUG 2016-08-07 17:46:28,091: 	 Uploading archive /afs/cern.ch/user/l/lkang/work/pretrigger/CMSSW_8_0_11/src/out_crab/crab_JetHT__Run2016B-v1__RAW_272774/inputs/debugFiles.tgz to the CRAB cache. Using URI https://cmsweb.cern.ch/crabcache
DEBUG 2016-08-07 17:46:28,425: 	 Result uploading input files: 35d896358ca701d381a5c5f50c877a209871961759fecaff87bcc3534efaf939.tar.gz 
WARNING 2016-08-07 17:46:28,426: 	 Warning: The following output files will not be published, as they are not EDM files: ['L1Ntuple.root']
INFO 2016-08-07 17:46:28,426: 	 Sending the request to the server
DEBUG 2016-08-07 17:46:28,426: 	 Submitting {'maxjobruntime': 1250, 'ignorelocality': 0, 'savelogsflag': 0, 'useparent': 0, 'asyncdest': 'T3_US_FNALLPC', 'algoargs': 30, 'cachefilename': '35d896358ca701d381a5c5f50c877a209871961759fecaff87bcc3534efaf939.tar.gz', 'numcores': 1, 'addoutputfiles': [], 'generator': 'pythia', 'maxmemory': 2000, 'publishdbsurl': 'https://cmsweb.cern.ch/dbs/prod/phys03/DBSWriter', 'priority': 10, 'jobsw': 'CMSSW_8_0_11', 'edmoutfiles': [], 'userfiles': [], 'primarydataset': '', 'inputdata': '/JetHT/Run2016B-v1/RAW', 'dryrun': 0, 'workflow': 'crab_JetHT__Run2016B-v1__RAW_272774', 'adduserfiles': [], 'jobarch': 'slc6_amd64_gcc530', 'lumis': ['1,268435455'], 'nonprodsw': 0, 'tfileoutfiles': ['L1Ntuple.root'], 'oneEventMode': 0, 'debugfilename': 'da6fdf098df0b20707281ee3155901d87357f2baeec77d0039ecd1b85b969c09.tar.gz', 'cacheurl': 'https://cmsweb.cern.ch/crabcache', 'saveoutput': 1, 'publication': 1, 'runs': ['272774'], 'totalunits': 0, 'splitalgo': 'LumiBased', 'nonvaliddata': 0, 'dbsurl': 'https://cmsweb.cern.ch/dbs/prod/global/DBSReader', 'publishgroupname': 0, 'jobtype': 'Analysis', 'publishname2': ''} 
DEBUG 2016-08-07 17:46:28,426: 	 Encoded submit request: maxjobruntime=1250&ignorelocality=0&savelogsflag=0&useparent=0&asyncdest=T3_US_FNALLPC&algoargs=30&cachefilename=35d896358ca701d381a5c5f50c877a209871961759fecaff87bcc3534efaf939.tar.gz&numcores=1&generator=pythia&maxmemory=2000&publishdbsurl=https%3A%2F%2Fcmsweb.cern.ch%2Fdbs%2Fprod%2Fphys03%2FDBSWriter&priority=10&jobsw=CMSSW_8_0_11&primarydataset=&inputdata=%2FJetHT%2FRun2016B-v1%2FRAW&dryrun=0&workflow=crab_JetHT__Run2016B-v1__RAW_272774&jobarch=slc6_amd64_gcc530&nonprodsw=0&oneEventMode=0&debugfilename=da6fdf098df0b20707281ee3155901d87357f2baeec77d0039ecd1b85b969c09.tar.gz&cacheurl=https%3A%2F%2Fcmsweb.cern.ch%2Fcrabcache&saveoutput=1&publication=1&totalunits=0&splitalgo=LumiBased&nonvaliddata=0&dbsurl=https%3A%2F%2Fcmsweb.cern.ch%2Fdbs%2Fprod%2Fglobal%2FDBSReader&publishgroupname=0&jobtype=Analysis&publishname2=&tfileoutfiles=L1Ntuple.root&runs=272774&lumis=1%2C268435455
DEBUG 2016-08-07 17:46:29,142: 	 Result: {'result': [{'RequestName': '160807_154628:lkang_crab_JetHT__Run2016B-v1__RAW_272774'}]}
INFO 2016-08-07 17:46:29,145: 	 Success: Your task has been delivered to the CRAB3 server.
INFO 2016-08-07 17:46:29,145: 	 Task name: 160807_154628:lkang_crab_JetHT__Run2016B-v1__RAW_272774
INFO 2016-08-07 17:46:29,146: 	 Please use 'crab status' to check how the submission process proceeds.
DEBUG 2016-08-07 17:46:29,146: 	 About to return
INFO 2016-08-07 17:46:29,155: 	 Log file is /afs/cern.ch/user/l/lkang/work/pretrigger/CMSSW_8_0_11/src/out_crab/crab_JetHT__Run2016B-v1__RAW_272774/crab.log
DEBUG 2016-08-07 17:48:12,225: 	 Executing command: 'status'
DEBUG 2016-08-07 17:48:12,225: 	 Found CRAB cache file /afs/cern.ch/user/l/lkang/.crab3
DEBUG 2016-08-07 17:48:12,252: 	 Checking credentials
DEBUG 2016-08-07 17:48:12,253: 	 Found proxy file /tmp/x509up_u93955
DEBUG 2016-08-07 17:48:12,253: 	 Getting proxy life time left
DEBUG 2016-08-07 17:48:12,867: 	 Executing : 
 command : voms-proxy-info -file /tmp/x509up_u93955 -timeleft
 output : 85783

 error: 
 retcode : 0
DEBUG 2016-08-07 17:48:13,473: 	 Executing : 
 command : voms-proxy-info -file /tmp/x509up_u93955 -actimeleft
 output : 85782

 error: 
 retcode : 0
DEBUG 2016-08-07 17:48:13,473: 	 Proxy valid for 23:49:43 hours
DEBUG 2016-08-07 17:48:13,590: 	 Executing : 
 command : openssl x509 -in ~/.globus/usercert.pem -subject -noout
 output : subject= /DC=ch/DC=cern/OU=Organic Units/OU=Users/CN=lkang/CN=803706/CN=Lucas Kang

 error: 
 retcode : 0
DEBUG 2016-08-07 17:48:13,590: 	 Checking credentials
DEBUG 2016-08-07 17:48:13,590: 	 Found proxy file /tmp/x509up_u93955
DEBUG 2016-08-07 17:48:13,590: 	 Getting proxy life time left
DEBUG 2016-08-07 17:48:14,195: 	 Executing : 
 command : voms-proxy-info -file /tmp/x509up_u93955 -timeleft
 output : 85781

 error: 
 retcode : 0
DEBUG 2016-08-07 17:48:14,703: 	 Executing : 
 command : voms-proxy-info -file /tmp/x509up_u93955 -actimeleft
 output : 85781

 error: 
 retcode : 0
DEBUG 2016-08-07 17:48:14,703: 	 Proxy valid for 23:49:41 hours
DEBUG 2016-08-07 17:48:15,024: 	 Registering user credentials for server /DC=ch/DC=cern/OU=computers/CN=vocms(045|052|021|031|0118|0118a|0119|0108).cern.ch
DEBUG 2016-08-07 17:48:15,139: 	 Executing : 
 command : openssl x509 -in ~/.globus/usercert.pem -subject -noout
 output : subject= /DC=ch/DC=cern/OU=Organic Units/OU=Users/CN=lkang/CN=803706/CN=Lucas Kang

 error: 
 retcode : 0
DEBUG 2016-08-07 17:48:15,140: 	 Getting myproxy life time left for myproxy.cern.ch
DEBUG 2016-08-07 17:48:15,140: 	 Calculating hash of /DC=ch/DC=cern/OU=Organic Units/OU=Users/CN=lkang/CN=803706/CN=Lucas Kang_cmsweb.cern.ch for credential name
DEBUG 2016-08-07 17:48:15,343: 	 Executing : 
 command : myproxy-info -l c2aa2a38b4149a1958689f9c94f94596a2d3dfba -s myproxy.cern.ch
 output : username: c2aa2a38b4149a1958689f9c94f94596a2d3dfba
owner: /DC=ch/DC=cern/OU=Organic Units/OU=Users/CN=lkang/CN=803706/CN=Lucas Kang
  renewal policy: /DC=ch/DC=cern/OU=computers/CN=vocms(045|052|021|031|0118|0118a|0119|0108).cern.ch
  trusted retrieval policy: /DC=ch/DC=cern/OU=computers/CN=vocms(045|052|021|031|0118|0118a|0119|0108).cern.ch
  timeleft: 668:46:32  (27.9 days)

 error: 
 retcode : 0
DEBUG 2016-08-07 17:48:15,346: 	 Myproxy is valid: 2407592
DEBUG 2016-08-07 17:48:15,347: 	 Command use: status
DEBUG 2016-08-07 17:48:15,347: 	 Options use: []
DEBUG 2016-08-07 17:48:15,649: 	 CRABClient version: 3.3.1607.patch2
DEBUG 2016-08-07 17:48:15,649: 	 Instance is prod
DEBUG 2016-08-07 17:48:15,649: 	 Server base url is cmsweb.cern.ch
DEBUG 2016-08-07 17:48:15,649: 	 Command url /crabserver/prod/workflow
DEBUG 2016-08-07 17:48:15,649: 	 Looking up detailed status of task 160807_154628:lkang_crab_JetHT__Run2016B-v1__RAW_272774
DEBUG 2016-08-07 17:48:16,504: 	 {'status': 'SUBMITTED', 'username': 'lkang', 'jobsPerStatus': {'idle': 4}, 'jobs': {'1': {'State': 'idle'}, '3': {'State': 'idle'}, '2': {'State': 'idle'}, '4': {'State': 'idle'}}, 'publication': {}, 'taskWarningMsg': [], 'schedd': 'crab3@vocms0106.cern.ch', 'publicationFailures': {}, 'outdatasets': None, 'statusFailureMsg': '', 'taskFailureMsg': '', 'failedJobdefs': 0, 'ASOURL': 'https://cmsweb.cern.ch/couchdb2', 'command': 'SUBMIT', 'totalJobdefs': 0, 'submissionTime': 1470584789, 'jobdefErrors': [], 'collector': 'cmsgwms-collector-global.cern.ch,cmssrv221.fnal.gov', 'jobList': [['idle', 1], ['idle', 3], ['idle', 2], ['idle', 4]]}
INFO 2016-08-07 17:48:16,504: 	 CRAB project directory:		/afs/cern.ch/user/l/lkang/work/pretrigger/CMSSW_8_0_11/src/out_crab/crab_JetHT__Run2016B-v1__RAW_272774
INFO 2016-08-07 17:48:16,506: 	 Task name:			160807_154628:lkang_crab_JetHT__Run2016B-v1__RAW_272774
INFO 2016-08-07 17:48:16,506: 	 Grid scheduler:			crab3@vocms0106.cern.ch
INFO 2016-08-07 17:48:16,506: 	 Task status:			SUBMITTED
INFO 2016-08-07 17:48:16,506: 	 Dashboard monitoring URL:	http://dashb-cms-job.cern.ch/dashboard/templates/task-analysis/#user=lkang&table=Mains&pattern=160807_154628%3Alkang_crab_JetHT__Run2016B-v1__RAW_272774
INFO 2016-08-07 17:48:16,506: 	 
Jobs status:			idle          100.0% (4/4)
INFO 2016-08-07 17:48:16,507: 	 
No publication information available yet
INFO 2016-08-07 17:48:16,508: 	 Log file is /afs/cern.ch/user/l/lkang/work/pretrigger/CMSSW_8_0_11/src/out_crab/crab_JetHT__Run2016B-v1__RAW_272774/crab.log
